Unity Editor version:    2021.3.1f1 (3b70a0754835)
Branch:                  2021.3/staging
Build type:              Release
Batch mode:              YES
macOS version:           Version 10.13.6 (Build 17G14042)
Darwin version:          17.7.0
Architecture:            x86_64
Running under Rosetta:   NO
Available memory:        4096 MB
Using pre-set license
Pro License: YES

COMMAND LINE ARGUMENTS:
/Applications/Unity/Hub/Editor/2019.4.11f1/2021.3.1f1/Unity.app/Contents/MacOS/Unity
-adb2
-batchMode
-noUpm
-name
AssetImportWorker167
-projectPath
/Users/mac/Documents/Holberton Files/holbertonschool-0x02-unity-scripting
-logFile
Logs/AssetImportWorker167.log
-srvPort
61559
Successfully changed project path to: /Users/mac/Documents/Holberton Files/holbertonschool-0x02-unity-scripting
/Users/mac/Documents/Holberton Files/holbertonschool-0x02-unity-scripting
[UnityMemory] Configuration Parameters - Can be set up in boot.config
    "memorysetup-bucket-allocator-granularity=16"
    "memorysetup-bucket-allocator-bucket-count=8"
    "memorysetup-bucket-allocator-block-size=33554432"
    "memorysetup-bucket-allocator-block-count=8"
    "memorysetup-main-allocator-block-size=16777216"
    "memorysetup-thread-allocator-block-size=16777216"
    "memorysetup-gfx-main-allocator-block-size=16777216"
    "memorysetup-gfx-thread-allocator-block-size=16777216"
    "memorysetup-cache-allocator-block-size=4194304"
    "memorysetup-typetree-allocator-block-size=2097152"
    "memorysetup-profiler-bucket-allocator-granularity=16"
    "memorysetup-profiler-bucket-allocator-bucket-count=8"
    "memorysetup-profiler-bucket-allocator-block-size=33554432"
    "memorysetup-profiler-bucket-allocator-block-count=8"
    "memorysetup-profiler-allocator-block-size=16777216"
    "memorysetup-profiler-editor-allocator-block-size=1048576"
    "memorysetup-temp-allocator-size-main=16777216"
    "memorysetup-job-temp-allocator-block-size=2097152"
    "memorysetup-job-temp-allocator-block-size-background=1048576"
    "memorysetup-job-temp-allocator-reduction-small-platforms=262144"
    "memorysetup-temp-allocator-size-background-worker=32768"
    "memorysetup-temp-allocator-size-job-worker=262144"
    "memorysetup-temp-allocator-size-preload-manager=33554432"
    "memorysetup-temp-allocator-size-nav-mesh-worker=65536"
    "memorysetup-temp-allocator-size-audio-worker=65536"
    "memorysetup-temp-allocator-size-cloud-worker=32768"
    "memorysetup-temp-allocator-size-gi-baking-worker=262144"
    "memorysetup-temp-allocator-size-gfx=262144"
Refreshing native plugins compatible for Editor in 81.22 ms, found 2 plugins.
Preloading 0 native plugins for Editor in 0.00 ms.
Initialize engine version: 2021.3.1f1 (3b70a0754835)
[Subsystems] Discovering subsystems at path /Applications/Unity/Hub/Editor/2019.4.11f1/2021.3.1f1/Unity.app/Contents/Resources/UnitySubsystems
[Subsystems] Discovering subsystems at path /Users/mac/Documents/Holberton Files/holbertonschool-0x02-unity-scripting/Assets
GfxDevice: creating device client; threaded=0; jobified=0
Color LCD preferred device: Intel HD Graphics 4000 (low power)
Metal devices available: 1
0: Intel HD Graphics 4000 (low power)
Using device Intel HD Graphics 4000 (low power)
Initializing Metal device caps: Intel HD Graphics 4000
Initialize mono
Mono path[0] = '/Applications/Unity/Hub/Editor/2019.4.11f1/2021.3.1f1/Unity.app/Contents/Managed'
Mono path[1] = '/Applications/Unity/Hub/Editor/2019.4.11f1/2021.3.1f1/Unity.app/Contents/MonoBleedingEdge/lib/mono/unityjit-macos'
Mono config path = '/Applications/Unity/Hub/Editor/2019.4.11f1/2021.3.1f1/Unity.app/Contents/MonoBleedingEdge/etc'
Using monoOptions --debugger-agent=transport=dt_socket,embedding=1,server=y,suspend=n,address=127.0.0.1:56613
Begin MonoManager ReloadAssembly
Registering precompiled unity dll's ...
Register platform support module: /Applications/Unity/Hub/Editor/2019.4.11f1/2021.3.1f1/Unity.app/Contents/PlaybackEngines/MacStandaloneSupport/UnityEditor.OSXStandalone.Extensions.dll
Registered in 0.002056 seconds.
Native extension for OSXStandalone target not found
Refreshing native plugins compatible for Editor in 72.65 ms, found 2 plugins.
Preloading 0 native plugins for Editor in 0.00 ms.
Mono: successfully reloaded assembly
- Completed reload, in  1.565 seconds
Domain Reload Profiling:
	ReloadAssembly (1565ms)
		BeginReloadAssembly (118ms)
			ExecutionOrderSort (0ms)
			DisableScriptedObjects (0ms)
			BackupInstance (0ms)
			ReleaseScriptingObjects (0ms)
			CreateAndSetChildDomain (2ms)
		EndReloadAssembly (952ms)
			LoadAssemblies (116ms)
			RebuildTransferFunctionScriptingTraits (0ms)
			SetupTypeCache (266ms)
			ReleaseScriptCaches (0ms)
			RebuildScriptCaches (67ms)
			SetupLoadedEditorAssemblies (522ms)
				LogAssemblyErrors (0ms)
				InitializePlatformSupportModulesInManaged (12ms)
				SetLoadedEditorAssemblies (0ms)
				RefreshPlugins (73ms)
				BeforeProcessingInitializeOnLoad (3ms)
				ProcessInitializeOnLoadAttributes (343ms)
				ProcessInitializeOnLoadMethodAttributes (91ms)
				AfterProcessingInitializeOnLoad (0ms)
				EditorAssembliesLoaded (0ms)
			ExecutionOrderSort2 (0ms)
			AwakeInstancesAfterBackupRestoration (0ms)
Platform modules already initialized, skipping
Registering precompiled user dll's ...
Registered in 0.406033 seconds.
Begin MonoManager ReloadAssembly
Symbol file LoadedFromMemory is not a mono symbol file
Native extension for OSXStandalone target not found
Refreshing native plugins compatible for Editor in 1.29 ms, found 2 plugins.
Preloading 0 native plugins for Editor in 0.00 ms.
Package Manager log level set to [2]
Mono: successfully reloaded assembly
- Completed reload, in  5.575 seconds
Domain Reload Profiling:
	ReloadAssembly (5577ms)
		BeginReloadAssembly (203ms)
			ExecutionOrderSort (0ms)
			DisableScriptedObjects (13ms)
			BackupInstance (0ms)
			ReleaseScriptingObjects (0ms)
			CreateAndSetChildDomain (52ms)
		EndReloadAssembly (5119ms)
			LoadAssemblies (2618ms)
			RebuildTransferFunctionScriptingTraits (0ms)
			SetupTypeCache (403ms)
			ReleaseScriptCaches (1ms)
			RebuildScriptCaches (114ms)
			SetupLoadedEditorAssemblies (1875ms)
				LogAssemblyErrors (0ms)
				InitializePlatformSupportModulesInManaged (81ms)
				SetLoadedEditorAssemblies (1ms)
				RefreshPlugins (1ms)
				BeforeProcessingInitializeOnLoad (117ms)
				ProcessInitializeOnLoadAttributes (939ms)
				ProcessInitializeOnLoadMethodAttributes (733ms)
				AfterProcessingInitializeOnLoad (2ms)
				EditorAssembliesLoaded (0ms)
			ExecutionOrderSort2 (0ms)
			AwakeInstancesAfterBackupRestoration (9ms)
Platform modules already initialized, skipping
========================================================================
Worker process is ready to serve import requests
Launching external process: /Applications/Unity/Hub/Editor/2019.4.11f1/2021.3.1f1/Unity.app/Contents/Tools/UnityShaderCompiler
Launched and connected shader compiler UnityShaderCompiler after 3.81 seconds
Refreshing native plugins compatible for Editor in 4.97 ms, found 2 plugins.
Preloading 0 native plugins for Editor in 0.00 ms.
Unloading 2172 Unused Serialized files (Serialized files now loaded: 0)
Unloading 55 unused Assets / (44.3 KB). Loaded Objects now: 2611.
Memory consumption went from 174.4 MB to 174.4 MB.
Total: 437.606636 ms (FindLiveObjects: 67.657951 ms CreateObjectMapping: 0.330547 ms MarkObjects: 241.118937 ms  DeleteObjects: 128.496591 ms)

AssetImportParameters requested are different than current active one (requested -> active):
  custom:video-decoder-ogg-theora: a1e56fd34408186e4bbccfd4996cb3dc -> 
  custom:container-muxer-webm: aa71ff27fc2769a1b78a27578f13a17b -> 
  custom:container-demuxer-webm: 4f35f7cbe854078d1ac9338744f61a02 -> 
  custom:video-encoder-webm-vp8: eb34c28f22e8b96e1ab97ce403110664 -> 
  custom:framework-osx-AVFoundation: b23960f63f64bdc6ff669e2cdcee2391 -> 
  custom:audio-encoder-webm-vorbis: bf7c407c2cedff20999df2af8eb42d56 -> 
  custom:container-demuxer-ogg: 62fdf1f143b41e24485cea50d1cbac27 -> 
  custom:video-decoder-webm-vp8: 9c59270c3fd7afecdb556c50c9e8de78 -> 
  custom:audio-decoder-ogg-vorbis: bf7c407c2cedff20999df2af8eb42d56 -> 
========================================================================
Received Import Request.
  Time since last request: 194978.186821 seconds.
  path: Assets/Materials/player.mat
  artifactKey: Guid(bf1c1880447ed4aad9b9cec6ac618e9f) Importer(815301076,1909f56bfc062723c751e8b465ee728b)
Start importing Assets/Materials/player.mat using Guid(bf1c1880447ed4aad9b9cec6ac618e9f) Importer(815301076,1909f56bfc062723c751e8b465ee728b)  -> (artifact id: 'd38e6d81c9cf9994675b0983d5752b54') in 20.654635 seconds 
========================================================================
Received Import Request.
  Time since last request: 0.049961 seconds.
  path: ProjectSettings/TagManager.asset
  artifactKey: Guid(00000000000000003000000000000000) Importer(815301076,1909f56bfc062723c751e8b465ee728b)
Start importing ProjectSettings/TagManager.asset using Guid(00000000000000003000000000000000) Importer(815301076,1909f56bfc062723c751e8b465ee728b)  -> (artifact id: 'e804088c5b69a2f8e4eb0975e35bc596') in 0.482680 seconds 
========================================================================
Received Import Request.
  Time since last request: 0.000094 seconds.
  path: Assets/Materials/trap.mat
  artifactKey: Guid(0ee53d187dd7e4527a3e238bd8aac011) Importer(815301076,1909f56bfc062723c751e8b465ee728b)
Start importing Assets/Materials/trap.mat using Guid(0ee53d187dd7e4527a3e238bd8aac011) Importer(815301076,1909f56bfc062723c751e8b465ee728b)  -> (artifact id: 'a32bbeda17220f6b5be0ae6f770bb6d2') in 0.594392 seconds 
========================================================================
Received Import Request.
  Time since last request: 0.000221 seconds.
  path: Assets/Materials/floor.mat
  artifactKey: Guid(ce7f835ac461fd34e9317a05125276f0) Importer(815301076,1909f56bfc062723c751e8b465ee728b)
Start importing Assets/Materials/floor.mat using Guid(ce7f835ac461fd34e9317a05125276f0) Importer(815301076,1909f56bfc062723c751e8b465ee728b)  -> (artifact id: '9973722851a6aaf523bdce6394e805c3') in 0.523941 seconds 
========================================================================
Received Import Request.
  Time since last request: 0.000123 seconds.
  path: Assets/Materials/coin.mat
  artifactKey: Guid(6ea3d2ab1b7db44c29bcc19fe52f6862) Importer(815301076,1909f56bfc062723c751e8b465ee728b)
Start importing Assets/Materials/coin.mat using Guid(6ea3d2ab1b7db44c29bcc19fe52f6862) Importer(815301076,1909f56bfc062723c751e8b465ee728b)  -> (artifact id: 'c79a580893a290dc49e95c8217bd4504') in 0.515880 seconds 
========================================================================
Received Import Request.
  Time since last request: 59.394003 seconds.
  path: Assets/Prefabs/Coin.prefab
  artifactKey: Guid(5334059a61ace4e2ab5143e6181bb3cf) Importer(815301076,1909f56bfc062723c751e8b465ee728b)
Start importing Assets/Prefabs/Coin.prefab using Guid(5334059a61ace4e2ab5143e6181bb3cf) Importer(815301076,1909f56bfc062723c751e8b465ee728b)  -> (artifact id: 'aee263f124a2696469ea6fd0c177b139') in 3.879156 seconds 
========================================================================
Received Import Request.
  Time since last request: 2.580860 seconds.
  path: Assets/Prefabs/Trap.prefab
  artifactKey: Guid(5474c85dce432468e973c4f006a06bb8) Importer(815301076,1909f56bfc062723c751e8b465ee728b)
Start importing Assets/Prefabs/Trap.prefab using Guid(5474c85dce432468e973c4f006a06bb8) Importer(815301076,1909f56bfc062723c751e8b465ee728b)  -> (artifact id: 'a7caf1aabf802fc858fdaf0cf7c4a398') in 0.508248 seconds 
========================================================================
Received Import Request.
  Time since last request: 42.182825 seconds.
  path: Assets/Prefabs/Trap.prefab
  artifactKey: Guid(5474c85dce432468e973c4f006a06bb8) Importer(815301076,1909f56bfc062723c751e8b465ee728b)
Start importing Assets/Prefabs/Trap.prefab using Guid(5474c85dce432468e973c4f006a06bb8) Importer(815301076,1909f56bfc062723c751e8b465ee728b)  -> (artifact id: '2ac4c6d64c5c4da122feaae110fbb756') in 0.477514 seconds 
========================================================================
Received Import Request.
  Time since last request: 779.322878 seconds.
  path: Assets/Materials/trap.mat
  artifactKey: Guid(0ee53d187dd7e4527a3e238bd8aac011) Importer(815301076,1909f56bfc062723c751e8b465ee728b)
Start importing Assets/Materials/trap.mat using Guid(0ee53d187dd7e4527a3e238bd8aac011) Importer(815301076,1909f56bfc062723c751e8b465ee728b)  -> (artifact id: 'fb83bdd171a9c8f43106dc5d50ff363a') in 0.992828 seconds 
========================================================================
Received Import Request.
  Time since last request: 9.107920 seconds.
  path: Assets/Materials/goal.mat
  artifactKey: Guid(2c338381d8a2940e1ba2416829b3f32a) Importer(815301076,1909f56bfc062723c751e8b465ee728b)
Start importing Assets/Materials/goal.mat using Guid(2c338381d8a2940e1ba2416829b3f32a) Importer(815301076,1909f56bfc062723c751e8b465ee728b)  -> (artifact id: '9605fca7e1e0d302a53707bfa3f6b00c') in 0.199447 seconds 
========================================================================
Received Import Request.
  Time since last request: 36.053534 seconds.
  path: ProjectSettings/TagManager.asset
  artifactKey: Guid(00000000000000003000000000000000) Importer(815301076,1909f56bfc062723c751e8b465ee728b)
Start importing ProjectSettings/TagManager.asset using Guid(00000000000000003000000000000000) Importer(815301076,1909f56bfc062723c751e8b465ee728b)  -> (artifact id: 'e38c4f51bf560356904e6e62dbf120ce') in 0.147981 seconds 
========================================================================
Received Import Request.
  Time since last request: 35.368571 seconds.
  path: Assets/Materials/goal.mat
  artifactKey: Guid(2c338381d8a2940e1ba2416829b3f32a) Importer(815301076,1909f56bfc062723c751e8b465ee728b)
Start importing Assets/Materials/goal.mat using Guid(2c338381d8a2940e1ba2416829b3f32a) Importer(815301076,1909f56bfc062723c751e8b465ee728b)  -> (artifact id: '2ee40200de0909026fc019bb5e7ba56f') in 0.322888 seconds 
